OOPS: priv_sock_get_result
ftp: Login failed.
421 Service not available, remote server has closed connection
OOPS: priv_sock_get_result
ftp: Login failed.
421 Service not available, remote server has closed connection
OOPS: priv_sock_get_result
ftp: Login failed.
421 Service not available, remote server has closed connection
OOPS: priv_sock_get_result
ftp: Login failed.
421 Service not available, remote server has closed connection
OOPS: priv_sock_get_result
ftp: Login failed.
421 Service not available, remote server has closed connection
OOPS: priv_sock_get_result
ftp: Login failed.
421 Service not available, remote server has closed connection
OOPS: priv_sock_get_result
ftp: Login failed.
421 Service not available, remote server has closed connection
OOPS: priv_sock_get_result
ftp: Login failed.
421 Service not available, remote server has closed connection
OOPS: priv_sock_get_result
ftp: Login failed.
421 Service not available, remote server has closed connection
OOPS: priv_sock_get_result
ftp: Login failed.
421 Service not available, remote server has closed connection
OOPS: priv_sock_get_result
ftp: Login failed.
421 Service not available, remote server has closed connection
OOPS: priv_sock_get_result
ftp: Login failed.
421 Service not available, remote server has closed connection
OOPS: priv_sock_get_result
ftp: Login failed.
421 Service not available, remote server has closed connection

OOPS: priv_sock_get_result
ftp: connect to address 192.168.192.3: Connection refused
ftp: no response from host
ftp: connect to address 192.168.192.3: Connection refused
ftp: no response from host
ftp: connect to address 192.168.192.3: Connection refused
ftp: no response from host
OOPS: priv_sock_get_result
ftp: Login failed.
421 Service not available, remote server has closed connection
OOPS: priv_sock_get_result
ftp: Login failed.
421 Service not available, remote server has closed connection
OOPS: priv_sock_get_result
ftp: Login failed.
421 Service not available, remote server has closed connection
OOPS: priv_sock_get_result
ftp: Login failed.
421 Service not available, remote server has closed connection
