
OOPS: priv_sock_get_result
OOPS: priv_sock_get_result
ftp: Login failed.
421 Service not available, remote server has closed connection

OOPS: priv_sock_get_result

OOPS: priv_sock_get_result
OOPS: priv_sock_get_result
ftp: Login failed.
421 Service not available, remote server has closed connection
OOPS: priv_sock_get_result
ftp: Login failed.
421 Service not available, remote server has closed connection
OOPS: priv_sock_get_result
ftp: Login failed.
421 Service not available, remote server has closed connection
OOPS: priv_sock_get_result
ftp: Login failed.
421 Service not available, remote server has closed connection
OOPS: priv_sock_get_result
ftp: Login failed.
421 Service not available, remote server has closed connection
OOPS: priv_sock_get_result
ftp: Login failed.
421 Service not available, remote server has closed connection
OOPS: priv_sock_get_result
ftp: Login failed.
421 Service not available, remote server has closed connection
OOPS: priv_sock_get_result
ftp: Login failed.
421 Service not available, remote server has closed connection
OOPS: priv_sock_get_result
ftp: Login failed.
421 Service not available, remote server has closed connection
OOPS: priv_sock_get_result
ftp: Login failed.
421 Service not available, remote server has closed connection
OOPS: priv_sock_get_result
ftp: Login failed.
421 Service not available, remote server has closed connection
OOPS: priv_sock_get_result
ftp: Login failed.
421 Service not available, remote server has closed connection
OOPS: priv_sock_get_result
ftp: Login failed.
421 Service not available, remote server has closed connection
OOPS: priv_sock_get_result
ftp: Login failed.
421 Service not available, remote server has closed connection
OOPS: priv_sock_get_result
ftp: Login failed.
421 Service not available, remote server has closed connection
ftp: : Name or service not known
OOPS: priv_sock_get_result
ftp: Login failed.
421 Service not available, remote server has closed connection
OOPS: priv_sock_get_result
ftp: Login failed.
421 Service not available, remote server has closed connection
OOPS: priv_sock_get_result
ftp: Login failed.
421 Service not available, remote server has closed connection
OOPS: priv_sock_get_result
ftp: Login failed.
421 Service not available, remote server has closed connection
OOPS: priv_sock_get_result
ftp: Login failed.
421 Service not available, remote server has closed connection
OOPS: priv_sock_get_result
ftp: Login failed.
421 Service not available, remote server has closed connection
OOPS: priv_sock_get_result
ftp: Login failed.
421 Service not available, remote server has closed connection
OOPS: priv_sock_get_result
ftp: Login failed.
421 Service not available, remote server has closed connection
OOPS: priv_sock_get_result
ftp: Login failed.
421 Service not available, remote server has closed connection
OOPS: priv_sock_get_result
ftp: Login failed.
421 Service not available, remote server has closed connection
ftp: connect to address 192.168.224.2: Connection refused
ftp: no response from host
ftp: connect to address 192.168.224.2: Connection refused
ftp: no response from host
ftp: connect to address 192.168.224.3: Connection refused
ftp: no response from host
ftp: connect to address 192.168.224.3: Connection refused
ftp: no response from host
ftp: connect to address 192.168.224.3: Connection refused
ftp: no response from host
ftp: connect to address 192.168.224.2: Connection refused
ftp: no response from host
ftp: connect to address 192.168.224.2: Connection refused
ftp: no response from host
OOPS: priv_sock_get_result
ftp: Login failed.
421 Service not available, remote server has closed connection
